<?xml version="1.0" encoding="UTF-8"?>
<testng-results skipped="0" failed="0" ignored="0" total="1" passed="1">
  <reporter-output>
  </reporter-output>
  <suite name="Default suite" duration-ms="19471" started-at="2018-07-14T09:27:32Z" finished-at="2018-07-14T09:27:51Z">
    <groups>
    </groups>
    <test name="Default test" duration-ms="19471" started-at="2018-07-14T09:27:32Z" finished-at="2018-07-14T09:27:51Z">
      <class name="com.Selinium.Sessions.KeyPressEvent">
        <test-method status="PASS" signature="KeyEventTest()[pri:0, instance:com.Selinium.Sessions.KeyPressEvent@6f195bc3]" name="KeyEventTest" duration-ms="19427" started-at="2018-07-14T09:27:32Z" finished-at="2018-07-14T09:27:51Z">
          <reporter-output>
          </reporter-output>
        </test-method> <!-- KeyEventTest -->
      </class> <!-- com.Selinium.Sessions.KeyPressEvent -->
    </test> <!-- Default test -->
  </suite> <!-- Default suite -->
</testng-results>
